<?xml version="1.0" encoding="UTF-8"?>
<!-- Generated by org.testng.reporters.JUnitXMLReporter -->
<testsuite hostname="DESKTOP-76NTOSH" ignored="0" name="Default test" tests="5" failures="0" timestamp="2020-04-06T23:13:45 PDT" time="45.896" errors="0">
  <testcase name="verifyTitleofHomePage" time="0.047" classname="com.ecommerce.pages.HomePage"/>
  <testcase name="clickonMobile" time="5.087" classname="com.ecommerce.pages.HomePage"/>
  <testcase name="verify_Title_of_MObile_Page" time="0.028" classname="com.ecommerce.pages.HomePage"/>
  <testcase name="selectMobilesByName" time="4.113" classname="com.ecommerce.pages.HomePage"/>
  <testcase name="sortedornot" time="0.2" classname="com.ecommerce.pages.HomePage"/>
</testsuite> <!-- Default test -->
