<?xml version="1.0" encoding="UTF-8"?>
<testng-results skipped="0" failed="0" ignored="0" total="5" passed="5">
  <reporter-output>
  </reporter-output>
  <suite name="Default suite" duration-ms="45896" started-at="2020-04-06T23:12:59 PDT" finished-at="2020-04-06T23:13:45 PDT">
    <groups>
    </groups>
    <test name="Default test" duration-ms="45896" started-at="2020-04-06T23:12:59 PDT" finished-at="2020-04-06T23:13:45 PDT">
      <class name="com.ecommerce.pages.HomePage">
        <test-method status="PASS" signature="setup()[pri:0, instance:com.ecommerce.pages.HomePage@4e7dc304]" name="setup" is-config="true" duration-ms="32197" started-at="2020-04-06T23:13:00 PDT" finished-at="2020-04-06T23:13:32 PDT">
          <reporter-output>
          </reporter-output>
        </test-method> <!-- setup -->
        <test-method status="PASS" signature="verifyTitleofHomePage()[pri:1, instance:com.ecommerce.pages.HomePage@4e7dc304]" name="verifyTitleofHomePage" duration-ms="47" started-at="2020-04-06T23:13:32 PDT" finished-at="2020-04-06T23:13:32 PDT">
          <reporter-output>
          </reporter-output>
        </test-method> <!-- verifyTitleofHomePage -->
        <test-method status="PASS" signature="clickonMobile()[pri:2, instance:com.ecommerce.pages.HomePage@4e7dc304]" name="clickonMobile" duration-ms="5087" started-at="2020-04-06T23:13:32 PDT" finished-at="2020-04-06T23:13:37 PDT">
          <reporter-output>
          </reporter-output>
        </test-method> <!-- clickonMobile -->
        <test-method status="PASS" signature="verify_Title_of_MObile_Page()[pri:3, instance:com.ecommerce.pages.HomePage@4e7dc304]" name="verify_Title_of_MObile_Page" duration-ms="28" started-at="2020-04-06T23:13:37 PDT" finished-at="2020-04-06T23:13:37 PDT">
          <reporter-output>
          </reporter-output>
        </test-method> <!-- verify_Title_of_MObile_Page -->
        <test-method status="PASS" signature="selectMobilesByName()[pri:4, instance:com.ecommerce.pages.HomePage@4e7dc304]" name="selectMobilesByName" duration-ms="4113" started-at="2020-04-06T23:13:37 PDT" finished-at="2020-04-06T23:13:41 PDT">
          <reporter-output>
          </reporter-output>
        </test-method> <!-- selectMobilesByName -->
        <test-method status="PASS" signature="sortedornot()[pri:5, instance:com.ecommerce.pages.HomePage@4e7dc304]" name="sortedornot" duration-ms="200" started-at="2020-04-06T23:13:41 PDT" finished-at="2020-04-06T23:13:41 PDT">
          <reporter-output>
          </reporter-output>
        </test-method> <!-- sortedornot -->
        <test-method status="PASS" signature="teardown()[pri:0, instance:com.ecommerce.pages.HomePage@4e7dc304]" name="teardown" is-config="true" duration-ms="4119" started-at="2020-04-06T23:13:41 PDT" finished-at="2020-04-06T23:13:45 PDT">
          <reporter-output>
          </reporter-output>
        </test-method> <!-- teardown -->
      </class> <!-- com.ecommerce.pages.HomePage -->
    </test> <!-- Default test -->
  </suite> <!-- Default suite -->
</testng-results>
